Warning: doxygen no longer ships with the FreeSans font.
You may want to clear or change DOT_FONTNAME.
Otherwise you run the risk that the wrong font is being used for dot generated graphs.
/home/travis/build/FACT-Team/FactDev/tests/QTestRunner/testadder.cpp:11: warning: Compound TestAdder is not documented.
/home/travis/build/FACT-Team/FactDev/tests/models/customermodeltest.h:8: warning: Compound CustomerModelTest is not documented.
/home/travis/build/FACT-Team/FactDev/tests/models/searchtest.h:11: warning: Compound searchTest is not documented.
/home/travis/build/FACT-Team/FactDev/src/utils/pointers.h:8: warning: Compound Utils::pointers is not documented.
/home/travis/build/FACT-Team/FactDev/tests/database/customerdatabasetest.h:10: warning: Compound CustomerDatabaseTest is not documented.
/home/travis/build/FACT-Team/FactDev/tests/utils/itemtypetest.h:8: warning: Compound ItemTypeTest is not documented.
/home/travis/build/FACT-Team/FactDev/tests/database/projectdatabasetest.h:9: warning: Compound ProjectDatabaseTest is not documented.
/home/travis/build/FACT-Team/FactDev/tests/database/contributoriesdatabasetest.h:10: warning: Compound ContributoriesDatabaseTest is not documented.
/home/travis/build/FACT-Team/FactDev/src/database/accessdatabase.h:12: warning: Compound Databases::AccessDatabase is not documented.
/home/travis/build/FACT-Team/FactDev/tests/qt-mustache/test_mustache.cpp:237: warning: Compound CounterContext is not documented.
/home/travis/build/FACT-Team/FactDev/src/libs/qt-mustache/tests/test_mustache.cpp:253: warning: Compound CounterContext is not documented.
/home/travis/build/FACT-Team/FactDev/tests/utils/stringtest.h:9: warning: Compound StringTest is not documented.
/home/travis/build/FACT-Team/FactDev/tests/database/billingdatabasetest.h:11: warning: Compound BillingDatabaseTest is not documented.
/home/travis/build/FACT-Team/FactDev/tests/QTestRunner/testadder.h:13: warning: Compound testadder is not documented.
/home/travis/build/FACT-Team/FactDev/tests/models/contributorymodeltest.h:10: warning: Compound ContributoryModelTest is not documented.
/home/travis/build/FACT-Team/FactDev/tests/QTestRunner/testrunner.h:21: warning: Compound TestRunner is not documented.
/home/travis/build/FACT-Team/FactDev/tests/models/usermodeltest.h:10: warning: Compound UserModelTest is not documented.
/home/travis/build/FACT-Team/FactDev/tests/utils/pointerstest.h:9: warning: Compound PointersTest is not documented.
/home/travis/build/FACT-Team/FactDev/src/utils/directories.h:9: warning: Compound Utils::Directories is not documented.
/home/travis/build/FACT-Team/FactDev/tests/generation.h:7: warning: Compound Generation is not documented.
/home/travis/build/FACT-Team/FactDev/tests/models/billingmodeltest.h:10: warning: Compound BillingModelTest is not documented.
/home/travis/build/FACT-Team/FactDev/src/models/statistics.h:16: warning: Compound Models::Statistics is not documented.
/home/travis/build/FACT-Team/FactDev/tests/models/ratemodeltest.h:9: warning: Compound RateModelTest is not documented.
/home/travis/build/FACT-Team/FactDev/tests/database/userdatabasetest.h:10: warning: Compound UserDatabaseTest is not documented.
/home/travis/build/FACT-Team/FactDev/tests/qt-mustache/test_mustache.h:23: warning: Compound TestMustache is not documented.
/home/travis/build/FACT-Team/FactDev/src/libs/qt-mustache/tests/test_mustache.h:22: warning: Compound TestMustache is not documented.
/home/travis/build/FACT-Team/FactDev/tests/models/contributorylisttest.h:10: warning: Compound ContributoryListTest is not documented.
/home/travis/build/FACT-Team/FactDev/src/database/ratedatabase.h:12: warning: Compound Databases::RateDatabase is not documented.
/home/travis/build/FACT-Team/FactDev/tests/models/projectmodeltest.h:10: warning: Compound ProjectModelTest is not documented.
/home/travis/build/FACT-Team/FactDev/src/libs/qt-mustache/src/mustache.h:174: warning: explicit link request to 'section' could not be resolved
/home/travis/build/FACT-Team/FactDev/src/libs/qt-mustache/README.md:11: warning: explicit link request to 'include' could not be resolved
/home/travis/build/FACT-Team/FactDev/src/libs/qt-mustache/tests/test_mustache.cpp:257: warning: Member CounterContext(const QVariantHash &map) (function) of class CounterContext is not documented.
/home/travis/build/FACT-Team/FactDev/tests/qt-mustache/test_mustache.cpp:241: warning: Member CounterContext(const QVariantHash &map) (function) of class CounterContext is not documented.
/home/travis/build/FACT-Team/FactDev/src/libs/qt-mustache/src/mustache.h:111: warning: Member QtVariantContext(const QVariant &root, PartialResolver *resolver=0) (function) of class Mustache::QtVariantContext is not documented.
/home/travis/build/FACT-Team/FactDev/src/libs/qt-mustache/tests/test_mustache.cpp:255: warning: Member counter (variable) of class CounterContext is not documented.
/home/travis/build/FACT-Team/FactDev/tests/models/customermodeltest.h:12: warning: Member setup() (function) of class CustomerModelTest is not documented.
/home/travis/build/FACT-Team/FactDev/tests/QTestRunner/testadder.cpp:13: warning: Member TestAdder(const QString &name) (function) of class TestAdder is not documented.
/home/travis/build/FACT-Team/FactDev/tests/QTestRunner/testrunner.h:25: warning: Member RegisterTest(QString name) (function) of class TestRunner is not documented.
/home/travis/build/FACT-Team/FactDev/tests/QTestRunner/testrunner.h:35: warning: Member RunAll() (function) of class TestRunner is not documented.
/home/travis/build/FACT-Team/FactDev/tests/QTestRunner/testrunner.h:23: warning: Member Instance() (function) of class TestRunner is not documented.
/home/travis/build/FACT-Team/FactDev/src/database/accessdatabase.h:9: warning: Member DbType (enumeration) of namespace Databases is not documented.
/home/travis/build/FACT-Team/FactDev/src/database/accessdatabase.h:15: warning: Member init() (function) of class Databases::AccessDatabase is not documented.
/home/travis/build/FACT-Team/FactDev/src/database/accessdatabase.h:16: warning: Member commit() (function) of class Databases::AccessDatabase is not documented.
/home/travis/build/FACT-Team/FactDev/src/database/accessdatabase.h:18: warning: Member _address (variable) of class Databases::AccessDatabase is not documented.
/home/travis/build/FACT-Team/FactDev/src/database/accessdatabase.h:19: warning: Member _port (variable) of class Databases::AccessDatabase is not documented.
/home/travis/build/FACT-Team/FactDev/src/database/accessdatabase.h:20: warning: Member _userDb (variable) of class Databases::AccessDatabase is not documented.
/home/travis/build/FACT-Team/FactDev/src/database/accessdatabase.h:21: warning: Member _password (variable) of class Databases::AccessDatabase is not documented.
/home/travis/build/FACT-Team/FactDev/src/database/accessdatabase.h:22: warning: Member _dbName (variable) of class Databases::AccessDatabase is not documented.
/home/travis/build/FACT-Team/FactDev/src/database/accessdatabase.h:23: warning: Member _dbType (variable) of class Databases::AccessDatabase is not documented.
/home/travis/build/FACT-Team/FactDev/src/database/accessdatabase.h:25: warning: Member _exists (variable) of class Databases::AccessDatabase is not documented.
/home/travis/build/FACT-Team/FactDev/src/database/billingdatabase.h:166: warning: Member getNbBills() (function) of class Databases::BillingDatabase is not documented.
/home/travis/build/FACT-Team/FactDev/src/database/billingdatabase.h:167: warning: Member getNbBillsPaid() (function) of class Databases::BillingDatabase is not documented.
/home/travis/build/FACT-Team/FactDev/src/database/billingdatabase.h:168: warning: Member getNbQuotes() (function) of class Databases::BillingDatabase is not documented.
/home/travis/build/FACT-Team/FactDev/src/database/billingdatabase.h:169: warning: Member getNbDocs() (function) of class Databases::BillingDatabase is not documented.
/home/travis/build/FACT-Team/FactDev/src/database/database.h:133: warning: Member _isMysql (variable) of class Databases::Database is not documented.
/home/travis/build/FACT-Team/FactDev/src/database/billingdatabase.h:16: warning: Found unknown command `\Oxynos'
/home/travis/build/FACT-Team/FactDev/src/database/billingdatabase.h:150: warning: argument 'p' of command @param is not found in the argument list of Databases::BillingDatabase::getAllBillingsOnly(const int idProject)
/home/travis/build/FACT-Team/FactDev/src/database/billingdatabase.h:150: warning: The following parameters of Databases::BillingDatabase::getAllBillingsOnly(const int idProject) are not documented:
  parameter 'idProject'
/home/travis/build/FACT-Team/FactDev/src/database/billingdatabase.h:41: warning: argument 'pId' of command @param is not found in the argument list of Databases::BillingDatabase::getBillingsTable(const int idProject)
/home/travis/build/FACT-Team/FactDev/src/database/billingdatabase.h:41: warning: The following parameters of Databases::BillingDatabase::getBillingsTable(const int idProject) are not documented:
  parameter 'idProject'
/home/travis/build/FACT-Team/FactDev/src/database/database.h:133: warning: Member _isMysql (variable) of class Databases::Database is not documented.
/home/travis/build/FACT-Team/FactDev/src/database/contributorydatabase.h:19: warning: Found unknown command `\Oxynos'
/home/travis/build/FACT-Team/FactDev/src/database/contributorydatabase.h:45: warning: argument 'idBilling' of command @param is not found in the argument list of Databases::ContributoryDatabase::getContributoriesByBilling(const int billingId)
/home/travis/build/FACT-Team/FactDev/src/database/contributorydatabase.h:45: warning: The following parameters of Databases::ContributoryDatabase::getContributoriesByBilling(const int billingId) are not documented:
  parameter 'billingId'
/home/travis/build/FACT-Team/FactDev/src/database/database.h:133: warning: Member _isMysql (variable) of class Databases::Database is not documented.
/home/travis/build/FACT-Team/FactDev/src/database/customerdatabase.h:22: warning: Found unknown command `\Oxynos'
/home/travis/build/FACT-Team/FactDev/src/database/customerdatabase.h:125: warning: The following parameters of Databases::CustomerDatabase::updateCustomer(QSqlQuery &q, Customer &pCustomer) are not documented:
  parameter 'pCustomer'
/home/travis/build/FACT-Team/FactDev/src/database/database.h:133: warning: Member _isMysql (variable) of class Databases::Database is not documented.
/home/travis/build/FACT-Team/FactDev/src/database/database.h:56: warning: argument 'pNom' of command @param is not found in the argument list of Databases::Database::executeFile(QString pName)
/home/travis/build/FACT-Team/FactDev/src/database/database.h:56: warning: The following parameters of Databases::Database::executeFile(QString pName) are not documented:
  parameter 'pName'
/home/travis/build/FACT-Team/FactDev/src/database/database.h:133: warning: Member _isMysql (variable) of class Databases::Database is not documented.
/home/travis/build/FACT-Team/FactDev/src/database/projectdatabase.h:100: warning: argument 'filter' of command @param is not found in the argument list of Databases::ProjectDatabase::getProjectsTable(const int pId)
/home/travis/build/FACT-Team/FactDev/src/database/projectdatabase.h:100: warning: The following parameters of Databases::ProjectDatabase::getProjectsTable(const int pId) are not documented:
  parameter 'pId'
/home/travis/build/FACT-Team/FactDev/src/database/database.h:133: warning: Member _isMysql (variable) of class Databases::Database is not documented.
/home/travis/build/FACT-Team/FactDev/src/database/database.h:133: warning: Member _isMysql (variable) of class Databases::Database is not documented.
/home/travis/build/FACT-Team/FactDev/src/exceptions/dbexception.h:22: warning: argument 'userError' of command @param is not found in the argument list of Exceptions::DbException::DbException(const QString fct, const QString fctName, const QString logError, float errorCode)
/home/travis/build/FACT-Team/FactDev/src/exceptions/dbexception.h:22: warning: The following parameters of Exceptions::DbException::DbException(const QString fct, const QString fctName, const QString logError, float errorCode) are not documented:
  parameter 'fct'
/home/travis/build/FACT-Team/FactDev/src/gui/mainwindow/mainwindow.h:108: warning: argument 'bool' of command @param is not found in the argument list of Gui::MainWindow::addDoc(bool isBilling)
/home/travis/build/FACT-Team/FactDev/src/gui/mainwindow/mainwindow.h:108: warning: The following parameters of Gui::MainWindow::addDoc(bool isBilling) are not documented:
  parameter 'isBilling'
/home/travis/build/FACT-Team/FactDev/src/gui/dialogs/addquotedialog.h:99: warning: Member updateBtn(void) (slot) of class Gui::Dialogs::AddQuoteDialog is not documented.
/home/travis/build/FACT-Team/FactDev/src/gui/dialogs/addquotedialog.h:100: warning: Member changeDocType() (slot) of class Gui::Dialogs::AddQuoteDialog is not documented.
/home/travis/build/FACT-Team/FactDev/src/gui/dialogs/addquotedialog.h:19: warning: Found unknown command `\Oxynos'
/home/travis/build/FACT-Team/FactDev/src/gui/dialogs/addquotedialog.h:28: warning: argument 'edit' of command @param is not found in the argument list of Gui::Dialogs::AddQuoteDialog::AddQuoteDialog(bool isBilling, int idCustomer=0, int id=0, bool copy=false, QWidget *parent=0)
/home/travis/build/FACT-Team/FactDev/src/gui/dialogs/addquotedialog.h:28: warning: The following parameters of Gui::Dialogs::AddQuoteDialog::AddQuoteDialog(bool isBilling, int idCustomer=0, int id=0, bool copy=false, QWidget *parent=0) are not documented:
  parameter 'copy'
/home/travis/build/FACT-Team/FactDev/src/gui/dialogs/computeturnoverdialog.h:29: warning: Member ComputeTurnoverDialog(QWidget *parent=0) (function) of class Gui::Dialogs::ComputeTurnoverDialog is not documented.
/home/travis/build/FACT-Team/FactDev/src/gui/dialogs/dialogaddcustomer.h:17: warning: Found unknown command `\Oxynos'
/home/travis/build/FACT-Team/FactDev/src/gui/dialogs/statisticsdialog.h:23: warning: The following parameters of Gui::Dialogs::StatisticsDialog::StatisticsDialog(bool global=true, int idCustomer=0, QWidget *parent=0) are not documented:
  parameter 'parent'
/home/travis/build/FACT-Team/FactDev/src/gui/widgets/customerdatawidget.h:19: warning: Found unknown command `\Oxynos'
/home/travis/build/FACT-Team/FactDev/src/gui/widgets/projectswidget.h:49: warning: argument 'boolean' of command @param is not found in the argument list of Gui::Widgets::ProjectsWidget::updateBtn(bool b)
/home/travis/build/FACT-Team/FactDev/src/gui/widgets/projectswidget.h:49: warning: The following parameters of Gui::Widgets::ProjectsWidget::updateBtn(bool b) are not documented:
  parameter 'b'
/home/travis/build/FACT-Team/FactDev/src/gui/widgets/ratewidget.h:70: warning: argument 'dailyRate' of command @param is not found in the argument list of Gui::Widgets::RateWidget::setDailyRate()
/home/travis/build/FACT-Team/FactDev/src/gui/widgets/ratewidget.h:76: warning: argument 'hourlyRate' of command @param is not found in the argument list of Gui::Widgets::RateWidget::setHourlyRate()
/home/travis/build/FACT-Team/FactDev/src/gui/widgets/checkfields/checkcity.h:15: warning: The following parameters of Gui::Widgets::CheckFields::CheckCity::CheckCity(QWidget *w=0, QPushButton *btn=0) are not documented:
  parameter 'btn'
/home/travis/build/FACT-Team/FactDev/src/gui/widgets/checkfields/checkcountry.h:16: warning: The following parameters of Gui::Widgets::CheckFields::CheckCountry::CheckCountry(QWidget *w=0, QPushButton *btn=0) are not documented:
  parameter 'btn'
/home/travis/build/FACT-Team/FactDev/src/gui/widgets/checkfields/checkemail.h:17: warning: The following parameters of Gui::Widgets::CheckFields::CheckEmail::CheckEmail(QWidget *w=0, QPushButton *btn=0) are not documented:
  parameter 'btn'
/home/travis/build/FACT-Team/FactDev/src/gui/widgets/checkfields/checkemail.h:31: warning: end of comment block while expecting command </em>
/home/travis/build/FACT-Team/FactDev/src/gui/widgets/checkfields/checkemail.h:31: warning: end of comment block while expecting command </em>
/home/travis/build/FACT-Team/FactDev/src/gui/widgets/checkfields/checkfieldsletters.h:15: warning: The following parameters of Gui::Widgets::CheckFields::CheckFieldsLetters::CheckFieldsLetters(QWidget *w=0, QPushButton *btn=0) are not documented:
  parameter 'btn'
/home/travis/build/FACT-Team/FactDev/src/gui/widgets/checkfields/checkfieldsnumbers.h:20: warning: The following parameters of Gui::Widgets::CheckFields::CheckFieldsNumbers::CheckFieldsNumbers(QWidget *w=0, QPushButton *btn=0) are not documented:
  parameter 'btn'
/home/travis/build/FACT-Team/FactDev/src/gui/widgets/checkfields/checkipaddress.h:20: warning: The following parameters of Gui::Widgets::CheckFields::CheckIpAddress::CheckIpAddress(QWidget *w=0, QPushButton *btn=0) are not documented:
  parameter 'btn'
/home/travis/build/FACT-Team/FactDev/src/gui/widgets/checkfields/checklogin.h:19: warning: The following parameters of Gui::Widgets::CheckFields::CheckLogin::CheckLogin(QWidget *w=0, QPushButton *btn=0) are not documented:
  parameter 'btn'
/home/travis/build/FACT-Team/FactDev/src/gui/widgets/checkfields/checkname.h:16: warning: The following parameters of Gui::Widgets::CheckFields::CheckName::CheckName(QWidget *w=0, QPushButton *btn=0) are not documented:
  parameter 'btn'
/home/travis/build/FACT-Team/FactDev/src/gui/widgets/checkfields/checkphone.h:16: warning: The following parameters of Gui::Widgets::CheckFields::CheckPhone::CheckPhone(QWidget *w=0, QPushButton *btn=0) are not documented:
  parameter 'btn'
/home/travis/build/FACT-Team/FactDev/src/gui/widgets/checkfields/checkpostalcode.h:16: warning: The following parameters of Gui::Widgets::CheckFields::CheckPostalCode::CheckPostalCode(QWidget *w=0, QPushButton *btn=0) are not documented:
  parameter 'btn'
/home/travis/build/FACT-Team/FactDev/src/gui/widgets/checkfields/checkqlineedit.h:20: warning: The following parameters of Gui::Widgets::CheckFields::CheckQLineEdit::CheckQLineEdit(QWidget *parent=0, QPushButton *btn=0) are not documented:
  parameter 'btn'
/home/travis/build/FACT-Team/FactDev/src/gui/widgets/checkfields/checksiretnumber.h:16: warning: The following parameters of Gui::Widgets::CheckFields::CheckSiretNumber::CheckSiretNumber(QWidget *w=0, QPushButton *btn=0) are not documented:
  parameter 'btn'
/home/travis/build/FACT-Team/FactDev/src/gui/widgets/checkfields/checkuntilfield.h:16: warning: The following parameters of Gui::Widgets::CheckFields::CheckUntilField::CheckUntilField(QWidget *w=0, QPushButton *btn=0) are not documented:
  parameter 'btn'
/home/travis/build/FACT-Team/FactDev/src/gui/widgets/checkfields/checkvalidfield.h:15: warning: The following parameters of Gui::Widgets::CheckFields::CheckValidField::CheckValidField(QWidget *w=0, QPushButton *btn=0) are not documented:
  parameter 'btn'
/home/travis/build/FACT-Team/FactDev/src/gui/widgets/delegates/comboboxdelegate.h:41: warning: argument 'parent' of command @param is not found in the argument list of Gui::Widgets::Delegates::ComboBoxDelegate::paint(QPainter *painter, const QStyleOptionViewItem &option, const QModelIndex &index) const =0
/home/travis/build/FACT-Team/FactDev/src/gui/widgets/delegates/comboboxdelegate.h:41: warning: The following parameters of Gui::Widgets::Delegates::ComboBoxDelegate::paint(QPainter *painter, const QStyleOptionViewItem &option, const QModelIndex &index) const =0 are not documented:
  parameter 'painter'
/home/travis/build/FACT-Team/FactDev/src/gui/widgets/delegates/doublespinboxdelegate.h:49: warning: The following parameters of Gui::Widgets::Delegates::DoubleSpinBoxDelegate::setModelData(QWidget *editor, QAbstractItemModel *model, const QModelIndex &index) const are not documented:
  parameter 'model'
/home/travis/build/FACT-Team/FactDev/src/gui/widgets/delegates/projectcombodelegate.h:38: warning: argument 'parent' of command @param is not found in the argument list of Gui::Widgets::Delegates::ProjectComboDelegate::paint(QPainter *painter, const QStyleOptionViewItem &option, const QModelIndex &index) const
/home/travis/build/FACT-Team/FactDev/src/gui/widgets/delegates/projectcombodelegate.h:38: warning: The following parameters of Gui::Widgets::Delegates::ProjectComboDelegate::paint(QPainter *painter, const QStyleOptionViewItem &option, const QModelIndex &index) const are not documented:
  parameter 'painter'
/home/travis/build/FACT-Team/FactDev/src/gui/widgets/delegates/textareadelegate.h:45: warning: argument 'option' of command @param is not found in the argument list of Gui::Widgets::Delegates::TextareaDelegate::createEditor(QWidget *parent, const QStyleOptionViewItem &, const QModelIndex &) const
/home/travis/build/FACT-Team/FactDev/src/gui/widgets/delegates/textareadelegate.h:45: warning: argument 'index' of command @param is not found in the argument list of Gui::Widgets::Delegates::TextareaDelegate::createEditor(QWidget *parent, const QStyleOptionViewItem &, const QModelIndex &) const
/home/travis/build/FACT-Team/FactDev/src/gui/widgets/delegates/textareadelegate.h:28: warning: The following parameters of Gui::Widgets::Delegates::TextareaDelegate::setModelData(QWidget *editor, QAbstractItemModel *model, const QModelIndex &index) const are not documented:
  parameter 'model'
/home/travis/build/FACT-Team/FactDev/src/gui/widgets/delegates/textareadelegate.h:35: warning: argument 'index' of command @param is not found in the argument list of Gui::Widgets::Delegates::TextareaDelegate::updateEditorGeometry(QWidget *editor, const QStyleOptionViewItem &option, const QModelIndex &) const
/home/travis/build/FACT-Team/FactDev/src/gui/widgets/delegates/unitcombodelegate.h:39: warning: argument 'parent' of command @param is not found in the argument list of Gui::Widgets::Delegates::UnitComboDelegate::paint(QPainter *painter, const QStyleOptionViewItem &option, const QModelIndex &index) const
/home/travis/build/FACT-Team/FactDev/src/gui/widgets/delegates/unitcombodelegate.h:39: warning: The following parameters of Gui::Widgets::Delegates::UnitComboDelegate::paint(QPainter *painter, const QStyleOptionViewItem &option, const QModelIndex &index) const are not documented:
  parameter 'painter'
/home/travis/build/FACT-Team/FactDev/src/gui/widgets/widgetsmodels/billingstablemodel.h:26: warning: argument 'parent' of command @param is not found in the argument list of Gui::Widgets::WdgModels::BillingsTableModel::BillingsTableModel()
/home/travis/build/FACT-Team/FactDev/src/gui/widgets/widgetsmodels/billingstablemodel.h:74: warning: argument 'Billing' of command @param is not found in the argument list of Gui::Widgets::WdgModels::BillingsTableModel::append(const Billing &billing)
/home/travis/build/FACT-Team/FactDev/src/gui/widgets/widgetsmodels/billingstablemodel.h:74: warning: The following parameters of Gui::Widgets::WdgModels::BillingsTableModel::append(const Billing &billing) are not documented:
  parameter 'billing'
/home/travis/build/FACT-Team/FactDev/src/gui/widgets/widgetsmodels/customerstablemodel.h:75: warning: argument 'Customer' of command @param is not found in the argument list of Gui::Widgets::WdgModels::CustomersTableModel::append(const Customer &customer)
/home/travis/build/FACT-Team/FactDev/src/gui/widgets/widgetsmodels/customerstablemodel.h:75: warning: The following parameters of Gui::Widgets::WdgModels::CustomersTableModel::append(const Customer &customer) are not documented:
  parameter 'customer'
/home/travis/build/FACT-Team/FactDev/src/gui/widgets/widgetsmodels/projectstablemodel.h:26: warning: argument 'parent' of command @param is not found in the argument list of Gui::Widgets::WdgModels::ProjectsTableModel::ProjectsTableModel()
/home/travis/build/FACT-Team/FactDev/src/gui/widgets/widgetsmodels/projectstablemodel.h:74: warning: argument 'Project' of command @param is not found in the argument list of Gui::Widgets::WdgModels::ProjectsTableModel::append(const Project &project)
/home/travis/build/FACT-Team/FactDev/src/gui/widgets/widgetsmodels/projectstablemodel.h:74: warning: The following parameters of Gui::Widgets::WdgModels::ProjectsTableModel::append(const Project &project) are not documented:
  parameter 'project'
/home/travis/build/FACT-Team/FactDev/src/models/billing.h:209: warning: Member setContributories(const ContributoriesList &contributories) (function) of class Models::Billing is not documented.
/home/travis/build/FACT-Team/FactDev/src/models/billing.h:33: warning: argument 'int' of command @param is not found in the argument list of Models::Billing::Billing(int id)
/home/travis/build/FACT-Team/FactDev/src/models/billing.h:33: warning: The following parameters of Models::Billing::Billing(int id) are not documented:
  parameter 'id'
/home/travis/build/FACT-Team/FactDev/src/models/billing.h:103: warning: argument 'p' of command @param is not found in the argument list of Models::Billing::addContributory(Contributory &c)
/home/travis/build/FACT-Team/FactDev/src/models/contributory.h:111: warning: Member getLongDescription() const  (function) of class Models::Contributory is not documented.
/home/travis/build/FACT-Team/FactDev/src/models/contributory.h:112: warning: Member setLongDescription(const QString &getLongDescription) (function) of class Models::Contributory is not documented.
/home/travis/build/FACT-Team/FactDev/src/models/project.h:170: warning: argument 'c' of command @param is not found in the argument list of Models::Project::operator!=(const Project &p)
/home/travis/build/FACT-Team/FactDev/src/models/project.h:170: warning: The following parameters of Models::Project::operator!=(const Project &p) are not documented:
  parameter 'p'
/home/travis/build/FACT-Team/FactDev/src/models/project.h:162: warning: argument 'b' of command @param is not found in the argument list of Models::Project::operator<(const Project &p) const
/home/travis/build/FACT-Team/FactDev/src/models/project.h:162: warning: The following parameters of Models::Project::operator<(const Project &p) const are not documented:
  parameter 'p'
/home/travis/build/FACT-Team/FactDev/src/models/project.h:153: warning: argument 'c' of command @param is not found in the argument list of Models::Project::operator==(const Project &p)
/home/travis/build/FACT-Team/FactDev/src/models/project.h:153: warning: The following parameters of Models::Project::operator==(const Project &p) are not documented:
  parameter 'p'
/home/travis/build/FACT-Team/FactDev/src/models/search.h:107: warning: argument 'getSearchInCompanies' of command @param is not found in the argument list of Models::Search::setSearchInCompanies(bool searchInCompanies)
/home/travis/build/FACT-Team/FactDev/src/models/search.h:107: warning: The following parameters of Models::Search::setSearchInCompanies(bool searchInCompanies) are not documented:
  parameter 'searchInCompanies'
/home/travis/build/FACT-Team/FactDev/src/libs/qt-mustache/src/mustache.h:111: warning: Member QtVariantContext(const QVariant &root, PartialResolver *resolver=0) (function) of class Mustache::QtVariantContext is not documented.
/home/travis/build/FACT-Team/FactDev/src/libs/qt-mustache/src/mustache.h:142: warning: Member PartialMap(const QHash< QString, QString > &partials) (function) of class Mustache::PartialMap is not documented.
/home/travis/build/FACT-Team/FactDev/src/libs/qt-mustache/src/mustache.h:158: warning: Member PartialFileLoader(const QString &basePath) (function) of class Mustache::PartialFileLoader is not documented.
/home/travis/build/FACT-Team/FactDev/src/libs/qt-mustache/src/mustache.h:150: warning: Unsupported xml/html tag <name> found
/home/travis/build/FACT-Team/FactDev/src/libs/qt-mustache/src/mustache.h:171: warning: Member Type (enumeration) of class Mustache::Tag is not documented.
/home/travis/build/FACT-Team/FactDev/src/libs/qt-mustache/src/mustache.h:183: warning: Member EscapeMode (enumeration) of class Mustache::Tag is not documented.
/home/travis/build/FACT-Team/FactDev/src/libs/qt-mustache/src/mustache.h:196: warning: Member type (variable) of class Mustache::Tag is not documented.
/home/travis/build/FACT-Team/FactDev/src/libs/qt-mustache/src/mustache.h:197: warning: Member key (variable) of class Mustache::Tag is not documented.
/home/travis/build/FACT-Team/FactDev/src/libs/qt-mustache/src/mustache.h:198: warning: Member start (variable) of class Mustache::Tag is not documented.
/home/travis/build/FACT-Team/FactDev/src/libs/qt-mustache/src/mustache.h:199: warning: Member end (variable) of class Mustache::Tag is not documented.
/home/travis/build/FACT-Team/FactDev/src/libs/qt-mustache/src/mustache.h:200: warning: Member escapeMode (variable) of class Mustache::Tag is not documented.
/home/travis/build/FACT-Team/FactDev/src/libs/qt-mustache/src/mustache.h:174: warning: explicit link request to 'section' could not be resolved
/home/travis/build/FACT-Team/FactDev/src/utils/directories.h:13: warning: The following parameters of Utils::Directories::makeDirectory(QDir &directory, const QString path, const QString folder) are not documented:
  parameter 'directory'
/home/travis/build/FACT-Team/FactDev/src/utils/hierarchicalsystem.h:59: warning: found </em> tag without matching <em>
/home/travis/build/FACT-Team/FactDev/src/utils/hierarchicalsystem.h:59: warning: found </em> tag without matching <em>
/home/travis/build/FACT-Team/FactDev/src/utils/hierarchicalsystem.h:61: warning: found </em> tag without matching <em>
/home/travis/build/FACT-Team/FactDev/src/utils/hierarchicalsystem.h:61: warning: found </em> tag without matching <em>
/home/travis/build/FACT-Team/FactDev/src/utils/hierarchicalsystem.h:59: warning: found </em> tag without matching <em>
/home/travis/build/FACT-Team/FactDev/src/utils/hierarchicalsystem.h:59: warning: found </em> tag without matching <em>
/home/travis/build/FACT-Team/FactDev/src/utils/pointers.h:10: warning: Member deleteIfNotNull(QObject *p) (function) of class Utils::pointers is not documented.
/home/travis/build/FACT-Team/FactDev/src/gui/dialogs/addquotedialog.h:28: warning: argument 'edit' of command @param is not found in the argument list of Gui::Dialogs::AddQuoteDialog::AddQuoteDialog(bool isBilling, int idCustomer=0, int id=0, bool copy=false, QWidget *parent=0)
/home/travis/build/FACT-Team/FactDev/src/gui/dialogs/addquotedialog.h:28: warning: The following parameters of Gui::Dialogs::AddQuoteDialog::AddQuoteDialog(bool isBilling, int idCustomer=0, int id=0, bool copy=false, QWidget *parent=0) are not documented:
  parameter 'copy'
/home/travis/build/FACT-Team/FactDev/src/gui/dialogs/addquotedialog.h:19: warning: Found unknown command `\Oxynos'
/home/travis/build/FACT-Team/FactDev/src/models/billing.h:33: warning: argument 'int' of command @param is not found in the argument list of Models::Billing::Billing(int id)
/home/travis/build/FACT-Team/FactDev/src/models/billing.h:33: warning: The following parameters of Models::Billing::Billing(int id) are not documented:
  parameter 'id'
/home/travis/build/FACT-Team/FactDev/src/models/billing.h:103: warning: argument 'p' of command @param is not found in the argument list of Models::Billing::addContributory(Contributory &c)
/home/travis/build/FACT-Team/FactDev/src/database/billingdatabase.h:41: warning: argument 'pId' of command @param is not found in the argument list of Databases::BillingDatabase::getBillingsTable(const int idProject)
/home/travis/build/FACT-Team/FactDev/src/database/billingdatabase.h:41: warning: The following parameters of Databases::BillingDatabase::getBillingsTable(const int idProject) are not documented:
  parameter 'idProject'
/home/travis/build/FACT-Team/FactDev/src/database/billingdatabase.h:150: warning: argument 'p' of command @param is not found in the argument list of Databases::BillingDatabase::getAllBillingsOnly(const int idProject)
/home/travis/build/FACT-Team/FactDev/src/database/billingdatabase.h:150: warning: The following parameters of Databases::BillingDatabase::getAllBillingsOnly(const int idProject) are not documented:
  parameter 'idProject'
/home/travis/build/FACT-Team/FactDev/src/database/billingdatabase.h:16: warning: Found unknown command `\Oxynos'
/home/travis/build/FACT-Team/FactDev/src/gui/widgets/widgetsmodels/billingstablemodel.h:26: warning: argument 'parent' of command @param is not found in the argument list of Gui::Widgets::WdgModels::BillingsTableModel::BillingsTableModel()
/home/travis/build/FACT-Team/FactDev/src/gui/widgets/widgetsmodels/billingstablemodel.h:74: warning: argument 'Billing' of command @param is not found in the argument list of Gui::Widgets::WdgModels::BillingsTableModel::append(const Billing &billing)
/home/travis/build/FACT-Team/FactDev/src/gui/widgets/widgetsmodels/billingstablemodel.h:74: warning: The following parameters of Gui::Widgets::WdgModels::BillingsTableModel::append(const Billing &billing) are not documented:
  parameter 'billing'
/home/travis/build/FACT-Team/FactDev/src/gui/widgets/checkfields/checkcity.h:15: warning: The following parameters of Gui::Widgets::CheckFields::CheckCity::CheckCity(QWidget *w=0, QPushButton *btn=0) are not documented:
  parameter 'btn'
/home/travis/build/FACT-Team/FactDev/src/gui/widgets/checkfields/checkcountry.h:16: warning: The following parameters of Gui::Widgets::CheckFields::CheckCountry::CheckCountry(QWidget *w=0, QPushButton *btn=0) are not documented:
  parameter 'btn'
/home/travis/build/FACT-Team/FactDev/src/gui/widgets/checkfields/checkemail.h:17: warning: The following parameters of Gui::Widgets::CheckFields::CheckEmail::CheckEmail(QWidget *w=0, QPushButton *btn=0) are not documented:
  parameter 'btn'
/home/travis/build/FACT-Team/FactDev/src/gui/widgets/checkfields/checkemail.h:31: warning: end of comment block while expecting command </em>
/home/travis/build/FACT-Team/FactDev/src/gui/widgets/checkfields/checkemail.h:31: warning: end of comment block while expecting command </em>
/home/travis/build/FACT-Team/FactDev/src/gui/widgets/checkfields/checkfieldsletters.h:15: warning: The following parameters of Gui::Widgets::CheckFields::CheckFieldsLetters::CheckFieldsLetters(QWidget *w=0, QPushButton *btn=0) are not documented:
  parameter 'btn'
/home/travis/build/FACT-Team/FactDev/src/gui/widgets/checkfields/checkfieldsnumbers.h:20: warning: The following parameters of Gui::Widgets::CheckFields::CheckFieldsNumbers::CheckFieldsNumbers(QWidget *w=0, QPushButton *btn=0) are not documented:
  parameter 'btn'
/home/travis/build/FACT-Team/FactDev/src/gui/widgets/checkfields/checkipaddress.h:20: warning: The following parameters of Gui::Widgets::CheckFields::CheckIpAddress::CheckIpAddress(QWidget *w=0, QPushButton *btn=0) are not documented:
  parameter 'btn'
/home/travis/build/FACT-Team/FactDev/src/gui/widgets/checkfields/checklogin.h:19: warning: The following parameters of Gui::Widgets::CheckFields::CheckLogin::CheckLogin(QWidget *w=0, QPushButton *btn=0) are not documented:
  parameter 'btn'
/home/travis/build/FACT-Team/FactDev/src/gui/widgets/checkfields/checkname.h:16: warning: The following parameters of Gui::Widgets::CheckFields::CheckName::CheckName(QWidget *w=0, QPushButton *btn=0) are not documented:
  parameter 'btn'
/home/travis/build/FACT-Team/FactDev/src/gui/widgets/checkfields/checkphone.h:16: warning: The following parameters of Gui::Widgets::CheckFields::CheckPhone::CheckPhone(QWidget *w=0, QPushButton *btn=0) are not documented:
  parameter 'btn'
/home/travis/build/FACT-Team/FactDev/src/gui/widgets/checkfields/checkpostalcode.h:16: warning: The following parameters of Gui::Widgets::CheckFields::CheckPostalCode::CheckPostalCode(QWidget *w=0, QPushButton *btn=0) are not documented:
  parameter 'btn'
/home/travis/build/FACT-Team/FactDev/src/gui/widgets/checkfields/checkqlineedit.h:20: warning: The following parameters of Gui::Widgets::CheckFields::CheckQLineEdit::CheckQLineEdit(QWidget *parent=0, QPushButton *btn=0) are not documented:
  parameter 'btn'
/home/travis/build/FACT-Team/FactDev/src/gui/widgets/checkfields/checksiretnumber.h:16: warning: The following parameters of Gui::Widgets::CheckFields::CheckSiretNumber::CheckSiretNumber(QWidget *w=0, QPushButton *btn=0) are not documented:
  parameter 'btn'
/home/travis/build/FACT-Team/FactDev/src/gui/widgets/checkfields/checkuntilfield.h:16: warning: The following parameters of Gui::Widgets::CheckFields::CheckUntilField::CheckUntilField(QWidget *w=0, QPushButton *btn=0) are not documented:
  parameter 'btn'
/home/travis/build/FACT-Team/FactDev/src/gui/widgets/checkfields/checkvalidfield.h:15: warning: The following parameters of Gui::Widgets::CheckFields::CheckValidField::CheckValidField(QWidget *w=0, QPushButton *btn=0) are not documented:
  parameter 'btn'
/home/travis/build/FACT-Team/FactDev/src/gui/widgets/delegates/comboboxdelegate.h:41: warning: argument 'parent' of command @param is not found in the argument list of Gui::Widgets::Delegates::ComboBoxDelegate::paint(QPainter *painter, const QStyleOptionViewItem &option, const QModelIndex &index) const =0
/home/travis/build/FACT-Team/FactDev/src/gui/widgets/delegates/comboboxdelegate.h:41: warning: The following parameters of Gui::Widgets::Delegates::ComboBoxDelegate::paint(QPainter *painter, const QStyleOptionViewItem &option, const QModelIndex &index) const =0 are not documented:
  parameter 'painter'
/home/travis/build/FACT-Team/FactDev/src/database/contributorydatabase.h:45: warning: argument 'idBilling' of command @param is not found in the argument list of Databases::ContributoryDatabase::getContributoriesByBilling(const int billingId)
/home/travis/build/FACT-Team/FactDev/src/database/contributorydatabase.h:45: warning: The following parameters of Databases::ContributoryDatabase::getContributoriesByBilling(const int billingId) are not documented:
  parameter 'billingId'
/home/travis/build/FACT-Team/FactDev/src/database/contributorydatabase.h:19: warning: Found unknown command `\Oxynos'
/home/travis/build/FACT-Team/FactDev/src/database/customerdatabase.h:125: warning: The following parameters of Databases::CustomerDatabase::updateCustomer(QSqlQuery &q, Customer &pCustomer) are not documented:
  parameter 'pCustomer'
/home/travis/build/FACT-Team/FactDev/src/database/customerdatabase.h:22: warning: Found unknown command `\Oxynos'
/home/travis/build/FACT-Team/FactDev/src/gui/widgets/customerdatawidget.h:19: warning: Found unknown command `\Oxynos'
/home/travis/build/FACT-Team/FactDev/src/gui/widgets/widgetsmodels/customerstablemodel.h:75: warning: argument 'Customer' of command @param is not found in the argument list of Gui::Widgets::WdgModels::CustomersTableModel::append(const Customer &customer)
/home/travis/build/FACT-Team/FactDev/src/gui/widgets/widgetsmodels/customerstablemodel.h:75: warning: The following parameters of Gui::Widgets::WdgModels::CustomersTableModel::append(const Customer &customer) are not documented:
  parameter 'customer'
/home/travis/build/FACT-Team/FactDev/src/database/database.h:56: warning: argument 'pNom' of command @param is not found in the argument list of Databases::Database::executeFile(QString pName)
/home/travis/build/FACT-Team/FactDev/src/database/database.h:56: warning: The following parameters of Databases::Database::executeFile(QString pName) are not documented:
  parameter 'pName'
/home/travis/build/FACT-Team/FactDev/src/exceptions/dbexception.h:22: warning: argument 'userError' of command @param is not found in the argument list of Exceptions::DbException::DbException(const QString fct, const QString fctName, const QString logError, float errorCode)
/home/travis/build/FACT-Team/FactDev/src/exceptions/dbexception.h:22: warning: The following parameters of Exceptions::DbException::DbException(const QString fct, const QString fctName, const QString logError, float errorCode) are not documented:
  parameter 'fct'
/home/travis/build/FACT-Team/FactDev/src/gui/dialogs/dialogaddcustomer.h:17: warning: Found unknown command `\Oxynos'
/home/travis/build/FACT-Team/FactDev/src/utils/directories.h:13: warning: The following parameters of Utils::Directories::makeDirectory(QDir &directory, const QString path, const QString folder) are not documented:
  parameter 'directory'
/home/travis/build/FACT-Team/FactDev/src/gui/widgets/delegates/doublespinboxdelegate.h:49: warning: The following parameters of Gui::Widgets::Delegates::DoubleSpinBoxDelegate::setModelData(QWidget *editor, QAbstractItemModel *model, const QModelIndex &index) const are not documented:
  parameter 'model'
/home/travis/build/FACT-Team/FactDev/src/utils/hierarchicalsystem.h:59: warning: found </em> tag without matching <em>
/home/travis/build/FACT-Team/FactDev/src/utils/hierarchicalsystem.h:59: warning: found </em> tag without matching <em>
/home/travis/build/FACT-Team/FactDev/src/gui/mainwindow/mainwindow.h:108: warning: argument 'bool' of command @param is not found in the argument list of Gui::MainWindow::addDoc(bool isBilling)
/home/travis/build/FACT-Team/FactDev/src/gui/mainwindow/mainwindow.h:108: warning: The following parameters of Gui::MainWindow::addDoc(bool isBilling) are not documented:
  parameter 'isBilling'
/home/travis/build/FACT-Team/FactDev/src/gui/mainwindow/mainwindow.h:250: warning: argument 'QPoint' of command @param is not found in the argument list of Gui::MainWindow::openContextualMenuTable(const QPoint point)
/home/travis/build/FACT-Team/FactDev/src/gui/mainwindow/mainwindow.h:250: warning: The following parameters of Gui::MainWindow::openContextualMenuTable(const QPoint point) are not documented:
  parameter 'point'
/home/travis/build/FACT-Team/FactDev/src/gui/mainwindow/mainwindow.h:256: warning: argument 'QPoint' of command @param is not found in the argument list of Gui::MainWindow::openContextualMenuTree(const QPoint point)
/home/travis/build/FACT-Team/FactDev/src/gui/mainwindow/mainwindow.h:256: warning: The following parameters of Gui::MainWindow::openContextualMenuTree(const QPoint point) are not documented:
  parameter 'point'
/home/travis/build/FACT-Team/FactDev/src/gui/mainwindow/mainwindow.h:331: warning: argument 'filter' of command @param is not found in the argument list of Gui::MainWindow::updateTableProjects(const int pId=0, const int row=-1)
/home/travis/build/FACT-Team/FactDev/src/gui/mainwindow/mainwindow.h:331: warning: The following parameters of Gui::MainWindow::updateTableProjects(const int pId=0, const int row=-1) are not documented:
  parameter 'pId'
/home/travis/build/FACT-Team/FactDev/src/libs/qt-mustache/src/mustache.h:150: warning: Unsupported xml/html tag <name> found
/home/travis/build/FACT-Team/FactDev/src/models/project.h:153: warning: argument 'c' of command @param is not found in the argument list of Models::Project::operator==(const Project &p)
/home/travis/build/FACT-Team/FactDev/src/models/project.h:153: warning: The following parameters of Models::Project::operator==(const Project &p) are not documented:
  parameter 'p'
/home/travis/build/FACT-Team/FactDev/src/models/project.h:162: warning: argument 'b' of command @param is not found in the argument list of Models::Project::operator<(const Project &p) const
/home/travis/build/FACT-Team/FactDev/src/models/project.h:162: warning: The following parameters of Models::Project::operator<(const Project &p) const are not documented:
  parameter 'p'
/home/travis/build/FACT-Team/FactDev/src/models/project.h:170: warning: argument 'c' of command @param is not found in the argument list of Models::Project::operator!=(const Project &p)
/home/travis/build/FACT-Team/FactDev/src/models/project.h:170: warning: The following parameters of Models::Project::operator!=(const Project &p) are not documented:
  parameter 'p'
/home/travis/build/FACT-Team/FactDev/src/gui/widgets/delegates/projectcombodelegate.h:38: warning: argument 'parent' of command @param is not found in the argument list of Gui::Widgets::Delegates::ProjectComboDelegate::paint(QPainter *painter, const QStyleOptionViewItem &option, const QModelIndex &index) const
/home/travis/build/FACT-Team/FactDev/src/gui/widgets/delegates/projectcombodelegate.h:38: warning: The following parameters of Gui::Widgets::Delegates::ProjectComboDelegate::paint(QPainter *painter, const QStyleOptionViewItem &option, const QModelIndex &index) const are not documented:
  parameter 'painter'
/home/travis/build/FACT-Team/FactDev/src/database/projectdatabase.h:100: warning: argument 'filter' of command @param is not found in the argument list of Databases::ProjectDatabase::getProjectsTable(const int pId)
/home/travis/build/FACT-Team/FactDev/src/database/projectdatabase.h:100: warning: The following parameters of Databases::ProjectDatabase::getProjectsTable(const int pId) are not documented:
  parameter 'pId'
/home/travis/build/FACT-Team/FactDev/src/gui/widgets/widgetsmodels/projectstablemodel.h:26: warning: argument 'parent' of command @param is not found in the argument list of Gui::Widgets::WdgModels::ProjectsTableModel::ProjectsTableModel()
/home/travis/build/FACT-Team/FactDev/src/gui/widgets/widgetsmodels/projectstablemodel.h:74: warning: argument 'Project' of command @param is not found in the argument list of Gui::Widgets::WdgModels::ProjectsTableModel::append(const Project &project)
/home/travis/build/FACT-Team/FactDev/src/gui/widgets/widgetsmodels/projectstablemodel.h:74: warning: The following parameters of Gui::Widgets::WdgModels::ProjectsTableModel::append(const Project &project) are not documented:
  parameter 'project'
/home/travis/build/FACT-Team/FactDev/src/gui/widgets/projectswidget.h:49: warning: argument 'boolean' of command @param is not found in the argument list of Gui::Widgets::ProjectsWidget::updateBtn(bool b)
/home/travis/build/FACT-Team/FactDev/src/gui/widgets/projectswidget.h:49: warning: The following parameters of Gui::Widgets::ProjectsWidget::updateBtn(bool b) are not documented:
  parameter 'b'
/home/travis/build/FACT-Team/FactDev/src/gui/widgets/ratewidget.h:70: warning: argument 'dailyRate' of command @param is not found in the argument list of Gui::Widgets::RateWidget::setDailyRate()
/home/travis/build/FACT-Team/FactDev/src/gui/widgets/ratewidget.h:76: warning: argument 'hourlyRate' of command @param is not found in the argument list of Gui::Widgets::RateWidget::setHourlyRate()
/home/travis/build/FACT-Team/FactDev/src/models/search.h:107: warning: argument 'getSearchInCompanies' of command @param is not found in the argument list of Models::Search::setSearchInCompanies(bool searchInCompanies)
/home/travis/build/FACT-Team/FactDev/src/models/search.h:107: warning: The following parameters of Models::Search::setSearchInCompanies(bool searchInCompanies) are not documented:
  parameter 'searchInCompanies'
/home/travis/build/FACT-Team/FactDev/src/gui/dialogs/statisticsdialog.h:23: warning: The following parameters of Gui::Dialogs::StatisticsDialog::StatisticsDialog(bool global=true, int idCustomer=0, QWidget *parent=0) are not documented:
  parameter 'parent'
/home/travis/build/FACT-Team/FactDev/src/libs/qt-mustache/src/mustache.h:174: warning: explicit link request to 'section' could not be resolved
/home/travis/build/FACT-Team/FactDev/src/gui/widgets/delegates/textareadelegate.h:28: warning: The following parameters of Gui::Widgets::Delegates::TextareaDelegate::setModelData(QWidget *editor, QAbstractItemModel *model, const QModelIndex &index) const are not documented:
  parameter 'model'
/home/travis/build/FACT-Team/FactDev/src/gui/widgets/delegates/textareadelegate.h:35: warning: argument 'index' of command @param is not found in the argument list of Gui::Widgets::Delegates::TextareaDelegate::updateEditorGeometry(QWidget *editor, const QStyleOptionViewItem &option, const QModelIndex &) const
/home/travis/build/FACT-Team/FactDev/src/gui/widgets/delegates/textareadelegate.h:45: warning: argument 'option' of command @param is not found in the argument list of Gui::Widgets::Delegates::TextareaDelegate::createEditor(QWidget *parent, const QStyleOptionViewItem &, const QModelIndex &) const
/home/travis/build/FACT-Team/FactDev/src/gui/widgets/delegates/textareadelegate.h:45: warning: argument 'index' of command @param is not found in the argument list of Gui::Widgets::Delegates::TextareaDelegate::createEditor(QWidget *parent, const QStyleOptionViewItem &, const QModelIndex &) const
/home/travis/build/FACT-Team/FactDev/src/gui/widgets/delegates/unitcombodelegate.h:39: warning: argument 'parent' of command @param is not found in the argument list of Gui::Widgets::Delegates::UnitComboDelegate::paint(QPainter *painter, const QStyleOptionViewItem &option, const QModelIndex &index) const
/home/travis/build/FACT-Team/FactDev/src/gui/widgets/delegates/unitcombodelegate.h:39: warning: The following parameters of Gui::Widgets::Delegates::UnitComboDelegate::paint(QPainter *painter, const QStyleOptionViewItem &option, const QModelIndex &index) const are not documented:
  parameter 'painter'
/home/travis/build/FACT-Team/FactDev/src/libs/qt-mustache/README.md:11: warning: explicit link request to 'include' could not be resolved
